{"/home/runner/work/MnesOS/MnesOS/web-client/src/api/client.ts": {"path":"/home/runner/work/MnesOS/MnesOS/web-client/src/api/client.ts","all":false,"statementMap":{"34":{"start":{"line":35,"column":0},"end":{"line":35,"column":47}},"35":{"start":{"line":36,"column":0},"end":{"line":36,"column":37}},"36":{"start":{"line":37,"column":0},"end":{"line":37,"column":45}},"42":{"start":{"line":43,"column":0},"end":{"line":43,"column":44}},"43":{"start":{"line":44,"column":0},"end":{"line":44,"column":52}},"44":{"start":{"line":45,"column":0},"end":{"line":45,"column":1}},"46":{"start":{"line":47,"column":0},"end":{"line":47,"column":53}},"47":{"start":{"line":48,"column":0},"end":{"line":48,"column":44}},"48":{"start":{"line":49,"column":0},"end":{"line":49,"column":1}},"50":{"start":{"line":51,"column":0},"end":{"line":51,"column":37}},"51":{"start":{"line":52,"column":0},"end":{"line":52,"column":49}},"52":{"start":{"line":53,"column":0},"end":{"line":53,"column":1}},"54":{"start":{"line":55,"column":0},"end":{"line":55,"column":45}},"55":{"start":{"line":56,"column":0},"end":{"line":56,"column":40}},"56":{"start":{"line":57,"column":0},"end":{"line":57,"column":1}},"58":{"start":{"line":59,"column":0},"end":{"line":59,"column":41}},"59":{"start":{"line":60,"column":0},"end":{"line":60,"column":53}},"60":{"start":{"line":61,"column":0},"end":{"line":61,"column":1}},"62":{"start":{"line":63,"column":0},"end":{"line":63,"column":49}},"63":{"start":{"line":64,"column":0},"end":{"line":64,"column":44}},"64":{"start":{"line":65,"column":0},"end":{"line":65,"column":1}},"70":{"start":{"line":71,"column":0},"end":{"line":71,"column":27}},"71":{"start":{"line":72,"column":0},"end":{"line":72,"column":15}},"72":{"start":{"line":73,"column":0},"end":{"line":73,"column":25}},"73":{"start":{"line":74,"column":0},"end":{"line":74,"column":15}},"74":{"start":{"line":75,"column":0},"end":{"line":75,"column":43}},"75":{"start":{"line":76,"column":0},"end":{"line":76,"column":39}},"76":{"start":{"line":77,"column":0},"end":{"line":77,"column":60}},"77":{"start":{"line":78,"column":0},"end":{"line":78,"column":4}},"79":{"start":{"line":80,"column":0},"end":{"line":80,"column":36}},"80":{"start":{"line":81,"column":0},"end":{"line":81,"column":15}},"81":{"start":{"line":82,"column":0},"end":{"line":82,"column":41}},"82":{"start":{"line":83,"column":0},"end":{"line":83,"column":3}},"84":{"start":{"line":85,"column":0},"end":{"line":85,"column":29}},"85":{"start":{"line":86,"column":0},"end":{"line":86,"column":15}},"86":{"start":{"line":87,"column":0},"end":{"line":87,"column":34}},"87":{"start":{"line":88,"column":0},"end":{"line":88,"column":3}},"89":{"start":{"line":90,"column":0},"end":{"line":90,"column":38}},"90":{"start":{"line":91,"column":0},"end":{"line":91,"column":12}},"91":{"start":{"line":92,"column":0},"end":{"line":92,"column":12}},"92":{"start":{"line":93,"column":0},"end":{"line":93,"column":5}},"94":{"start":{"line":95,"column":0},"end":{"line":95,"column":21}},"95":{"start":{"line":96,"column":0},"end":{"line":96,"column":39}},"96":{"start":{"line":97,"column":0},"end":{"line":97,"column":55}},"97":{"start":{"line":98,"column":0},"end":{"line":98,"column":3}},"99":{"start":{"line":100,"column":0},"end":{"line":100,"column":39}},"100":{"start":{"line":101,"column":0},"end":{"line":101,"column":1}},"107":{"start":{"line":108,"column":0},"end":{"line":108,"column":34}},"108":{"start":{"line":109,"column":0},"end":{"line":109,"column":21}},"109":{"start":{"line":110,"column":0},"end":{"line":110,"column":20}},"110":{"start":{"line":111,"column":0},"end":{"line":111,"column":26}},"111":{"start":{"line":112,"column":0},"end":{"line":112,"column":32}},"112":{"start":{"line":113,"column":0},"end":{"line":113,"column":40}},"113":{"start":{"line":114,"column":0},"end":{"line":114,"column":51}},"114":{"start":{"line":115,"column":0},"end":{"line":115,"column":4}},"115":{"start":{"line":116,"column":0},"end":{"line":116,"column":1}},"118":{"start":{"line":119,"column":0},"end":{"line":119,"column":34}},"119":{"start":{"line":120,"column":0},"end":{"line":120,"column":21}},"120":{"start":{"line":121,"column":0},"end":{"line":121,"column":22}},"121":{"start":{"line":122,"column":0},"end":{"line":122,"column":28}},"122":{"start":{"line":123,"column":0},"end":{"line":123,"column":34}},"123":{"start":{"line":124,"column":0},"end":{"line":124,"column":42}},"124":{"start":{"line":125,"column":0},"end":{"line":125,"column":51}},"125":{"start":{"line":126,"column":0},"end":{"line":126,"column":4}},"126":{"start":{"line":127,"column":0},"end":{"line":127,"column":1}},"129":{"start":{"line":130,"column":0},"end":{"line":130,"column":41}},"130":{"start":{"line":131,"column":0},"end":{"line":131,"column":30}},"131":{"start":{"line":132,"column":0},"end":{"line":132,"column":36}},"132":{"start":{"line":133,"column":0},"end":{"line":133,"column":42}},"133":{"start":{"line":134,"column":0},"end":{"line":134,"column":21}},"134":{"start":{"line":135,"column":0},"end":{"line":135,"column":51}},"135":{"start":{"line":136,"column":0},"end":{"line":136,"column":4}},"136":{"start":{"line":137,"column":0},"end":{"line":137,"column":1}},"138":{"start":{"line":139,"column":0},"end":{"line":139,"column":72}},"139":{"start":{"line":140,"column":0},"end":{"line":140,"column":79}},"140":{"start":{"line":141,"column":0},"end":{"line":141,"column":1}},"142":{"start":{"line":143,"column":0},"end":{"line":143,"column":73}},"143":{"start":{"line":144,"column":0},"end":{"line":144,"column":45}},"144":{"start":{"line":145,"column":0},"end":{"line":145,"column":29}},"145":{"start":{"line":146,"column":0},"end":{"line":146,"column":44}},"146":{"start":{"line":147,"column":0},"end":{"line":147,"column":64}},"147":{"start":{"line":148,"column":0},"end":{"line":148,"column":21}},"148":{"start":{"line":149,"column":0},"end":{"line":149,"column":12}},"149":{"start":{"line":150,"column":0},"end":{"line":150,"column":5}},"150":{"start":{"line":151,"column":0},"end":{"line":151,"column":21}},"151":{"start":{"line":152,"column":0},"end":{"line":152,"column":39}},"152":{"start":{"line":153,"column":0},"end":{"line":153,"column":55}},"153":{"start":{"line":154,"column":0},"end":{"line":154,"column":3}},"154":{"start":{"line":155,"column":0},"end":{"line":155,"column":1}},"157":{"start":{"line":158,"column":0},"end":{"line":158,"column":33}},"158":{"start":{"line":159,"column":0},"end":{"line":159,"column":21}},"159":{"start":{"line":160,"column":0},"end":{"line":160,"column":26}},"160":{"start":{"line":161,"column":0},"end":{"line":161,"column":32}},"161":{"start":{"line":162,"column":0},"end":{"line":162,"column":38}},"162":{"start":{"line":163,"column":0},"end":{"line":163,"column":41}},"163":{"start":{"line":164,"column":0},"end":{"line":164,"column":51}},"164":{"start":{"line":165,"column":0},"end":{"line":165,"column":4}},"165":{"start":{"line":166,"column":0},"end":{"line":166,"column":1}},"168":{"start":{"line":169,"column":0},"end":{"line":169,"column":32}},"169":{"start":{"line":170,"column":0},"end":{"line":170,"column":21}},"170":{"start":{"line":171,"column":0},"end":{"line":171,"column":24}},"171":{"start":{"line":172,"column":0},"end":{"line":172,"column":30}},"172":{"start":{"line":173,"column":0},"end":{"line":173,"column":41}},"173":{"start":{"line":174,"column":0},"end":{"line":174,"column":22}},"174":{"start":{"line":175,"column":0},"end":{"line":175,"column":4}},"175":{"start":{"line":176,"column":0},"end":{"line":176,"column":1}},"178":{"start":{"line":179,"column":0},"end":{"line":179,"column":35}},"179":{"start":{"line":180,"column":0},"end":{"line":180,"column":21}},"180":{"start":{"line":181,"column":0},"end":{"line":181,"column":21}},"181":{"start":{"line":182,"column":0},"end":{"line":182,"column":35}},"182":{"start":{"line":183,"column":0},"end":{"line":183,"column":62}},"183":{"start":{"line":184,"column":0},"end":{"line":184,"column":41}},"184":{"start":{"line":185,"column":0},"end":{"line":185,"column":50}},"185":{"start":{"line":186,"column":0},"end":{"line":186,"column":22}},"186":{"start":{"line":187,"column":0},"end":{"line":187,"column":4}},"187":{"start":{"line":188,"column":0},"end":{"line":188,"column":1}},"194":{"start":{"line":195,"column":0},"end":{"line":195,"column":38}},"195":{"start":{"line":196,"column":0},"end":{"line":196,"column":31}},"196":{"start":{"line":197,"column":0},"end":{"line":197,"column":23}},"197":{"start":{"line":198,"column":0},"end":{"line":198,"column":49}},"198":{"start":{"line":199,"column":0},"end":{"line":199,"column":19}},"199":{"start":{"line":200,"column":0},"end":{"line":200,"column":31}},"200":{"start":{"line":201,"column":0},"end":{"line":201,"column":5}},"201":{"start":{"line":202,"column":0},"end":{"line":202,"column":1}},"204":{"start":{"line":205,"column":0},"end":{"line":205,"column":62}},"205":{"start":{"line":206,"column":0},"end":{"line":206,"column":69}},"206":{"start":{"line":207,"column":0},"end":{"line":207,"column":1}},"209":{"start":{"line":210,"column":0},"end":{"line":210,"column":77}},"210":{"start":{"line":211,"column":0},"end":{"line":211,"column":64}},"211":{"start":{"line":212,"column":0},"end":{"line":212,"column":18}},"212":{"start":{"line":213,"column":0},"end":{"line":213,"column":5}},"213":{"start":{"line":214,"column":0},"end":{"line":214,"column":1}},"216":{"start":{"line":217,"column":0},"end":{"line":217,"column":75}},"217":{"start":{"line":218,"column":0},"end":{"line":218,"column":45}},"218":{"start":{"line":219,"column":0},"end":{"line":219,"column":29}},"219":{"start":{"line":220,"column":0},"end":{"line":220,"column":44}},"220":{"start":{"line":221,"column":0},"end":{"line":221,"column":66}},"221":{"start":{"line":222,"column":0},"end":{"line":222,"column":21}},"222":{"start":{"line":223,"column":0},"end":{"line":223,"column":12}},"223":{"start":{"line":224,"column":0},"end":{"line":224,"column":5}},"224":{"start":{"line":225,"column":0},"end":{"line":225,"column":21}},"225":{"start":{"line":226,"column":0},"end":{"line":226,"column":39}},"226":{"start":{"line":227,"column":0},"end":{"line":227,"column":55}},"227":{"start":{"line":228,"column":0},"end":{"line":228,"column":3}},"228":{"start":{"line":229,"column":0},"end":{"line":229,"column":1}},"231":{"start":{"line":232,"column":0},"end":{"line":232,"column":38}},"232":{"start":{"line":233,"column":0},"end":{"line":233,"column":22}},"233":{"start":{"line":234,"column":0},"end":{"line":234,"column":31}},"234":{"start":{"line":235,"column":0},"end":{"line":235,"column":23}},"235":{"start":{"line":236,"column":0},"end":{"line":236,"column":64}},"236":{"start":{"line":237,"column":0},"end":{"line":237,"column":18}},"237":{"start":{"line":238,"column":0},"end":{"line":238,"column":31}},"238":{"start":{"line":239,"column":0},"end":{"line":239,"column":5}},"239":{"start":{"line":240,"column":0},"end":{"line":240,"column":1}},"242":{"start":{"line":243,"column":0},"end":{"line":243,"column":44}},"243":{"start":{"line":244,"column":0},"end":{"line":244,"column":22}},"244":{"start":{"line":245,"column":0},"end":{"line":245,"column":32}},"245":{"start":{"line":246,"column":0},"end":{"line":246,"column":38}},"246":{"start":{"line":247,"column":0},"end":{"line":247,"column":46}},"247":{"start":{"line":248,"column":0},"end":{"line":248,"column":22}},"248":{"start":{"line":249,"column":0},"end":{"line":249,"column":4}},"249":{"start":{"line":250,"column":0},"end":{"line":250,"column":1}},"252":{"start":{"line":253,"column":0},"end":{"line":253,"column":42}},"253":{"start":{"line":254,"column":0},"end":{"line":254,"column":22}},"254":{"start":{"line":255,"column":0},"end":{"line":255,"column":20}},"255":{"start":{"line":256,"column":0},"end":{"line":256,"column":30}},"256":{"start":{"line":257,"column":0},"end":{"line":257,"column":36}},"257":{"start":{"line":258,"column":0},"end":{"line":258,"column":59}},"258":{"start":{"line":259,"column":0},"end":{"line":259,"column":22}},"259":{"start":{"line":260,"column":0},"end":{"line":260,"column":4}},"260":{"start":{"line":261,"column":0},"end":{"line":261,"column":1}},"266":{"start":{"line":267,"column":0},"end":{"line":267,"column":45}},"267":{"start":{"line":268,"column":0},"end":{"line":268,"column":22}},"268":{"start":{"line":269,"column":0},"end":{"line":269,"column":21}},"269":{"start":{"line":270,"column":0},"end":{"line":270,"column":10}},"275":{"start":{"line":276,"column":0},"end":{"line":276,"column":30}},"276":{"start":{"line":277,"column":0},"end":{"line":277,"column":34}},"277":{"start":{"line":278,"column":0},"end":{"line":278,"column":45}},"278":{"start":{"line":279,"column":0},"end":{"line":279,"column":22}},"279":{"start":{"line":280,"column":0},"end":{"line":280,"column":47}},"280":{"start":{"line":281,"column":0},"end":{"line":281,"column":10}},"281":{"start":{"line":282,"column":0},"end":{"line":282,"column":69}},"282":{"start":{"line":283,"column":0},"end":{"line":283,"column":69}},"283":{"start":{"line":284,"column":0},"end":{"line":284,"column":29}},"284":{"start":{"line":285,"column":0},"end":{"line":285,"column":63}},"285":{"start":{"line":286,"column":0},"end":{"line":286,"column":3}},"287":{"start":{"line":288,"column":0},"end":{"line":288,"column":45}},"288":{"start":{"line":289,"column":0},"end":{"line":289,"column":36}},"289":{"start":{"line":290,"column":0},"end":{"line":290,"column":51}},"290":{"start":{"line":291,"column":0},"end":{"line":291,"column":29}},"291":{"start":{"line":292,"column":0},"end":{"line":292,"column":44}},"293":{"start":{"line":294,"column":0},"end":{"line":294,"column":31}},"294":{"start":{"line":295,"column":0},"end":{"line":295,"column":46}},"295":{"start":{"line":296,"column":0},"end":{"line":296,"column":48}},"296":{"start":{"line":297,"column":0},"end":{"line":297,"column":4}},"297":{"start":{"line":298,"column":0},"end":{"line":298,"column":21}},"298":{"start":{"line":299,"column":0},"end":{"line":299,"column":39}},"299":{"start":{"line":300,"column":0},"end":{"line":300,"column":55}},"300":{"start":{"line":301,"column":0},"end":{"line":301,"column":3}},"301":{"start":{"line":302,"column":0},"end":{"line":302,"column":54}},"302":{"start":{"line":303,"column":0},"end":{"line":303,"column":1}},"308":{"start":{"line":309,"column":0},"end":{"line":309,"column":58}},"309":{"start":{"line":310,"column":0},"end":{"line":310,"column":65}},"310":{"start":{"line":311,"column":0},"end":{"line":311,"column":1}},"312":{"start":{"line":313,"column":0},"end":{"line":313,"column":83}},"313":{"start":{"line":314,"column":0},"end":{"line":314,"column":45}},"314":{"start":{"line":315,"column":0},"end":{"line":315,"column":19}},"315":{"start":{"line":316,"column":0},"end":{"line":316,"column":31}},"316":{"start":{"line":317,"column":0},"end":{"line":317,"column":5}},"317":{"start":{"line":318,"column":0},"end":{"line":318,"column":1}},"319":{"start":{"line":320,"column":0},"end":{"line":320,"column":71}},"320":{"start":{"line":321,"column":0},"end":{"line":321,"column":76}},"321":{"start":{"line":322,"column":0},"end":{"line":322,"column":1}},"323":{"start":{"line":324,"column":0},"end":{"line":324,"column":102}},"324":{"start":{"line":325,"column":0},"end":{"line":325,"column":58}},"325":{"start":{"line":326,"column":0},"end":{"line":326,"column":18}},"326":{"start":{"line":327,"column":0},"end":{"line":327,"column":31}},"327":{"start":{"line":328,"column":0},"end":{"line":328,"column":5}},"328":{"start":{"line":329,"column":0},"end":{"line":329,"column":1}},"330":{"start":{"line":331,"column":0},"end":{"line":331,"column":71}},"331":{"start":{"line":332,"column":0},"end":{"line":332,"column":45}},"332":{"start":{"line":333,"column":0},"end":{"line":333,"column":29}},"333":{"start":{"line":334,"column":0},"end":{"line":334,"column":44}},"334":{"start":{"line":335,"column":0},"end":{"line":335,"column":62}},"335":{"start":{"line":336,"column":0},"end":{"line":336,"column":21}},"336":{"start":{"line":337,"column":0},"end":{"line":337,"column":12}},"337":{"start":{"line":338,"column":0},"end":{"line":338,"column":5}},"338":{"start":{"line":339,"column":0},"end":{"line":339,"column":21}},"339":{"start":{"line":340,"column":0},"end":{"line":340,"column":39}},"340":{"start":{"line":341,"column":0},"end":{"line":341,"column":55}},"341":{"start":{"line":342,"column":0},"end":{"line":342,"column":3}},"342":{"start":{"line":343,"column":0},"end":{"line":343,"column":1}}},"s":{"34":1,"35":1,"36":1,"42":1,"43":28,"44":28,"46":1,"47":3,"48":3,"50":1,"51":37,"52":37,"54":1,"55":6,"56":6,"58":1,"59":2,"60":2,"62":1,"63":1,"64":1,"70":22,"71":22,"72":22,"73":22,"74":22,"75":22,"76":22,"77":22,"79":22,"80":22,"81":1,"82":1,"84":22,"85":22,"86":1,"87":1,"89":22,"90":22,"91":22,"92":22,"94":22,"95":1,"96":1,"97":1,"99":21,"100":21,"107":1,"108":1,"109":1,"110":1,"111":1,"112":1,"113":1,"114":1,"115":1,"118":1,"119":1,"120":1,"121":1,"122":1,"123":1,"124":1,"125":1,"126":1,"129":1,"130":1,"131":1,"132":1,"133":1,"134":1,"135":1,"136":1,"138":1,"139":1,"140":1,"142":3,"143":3,"144":3,"145":3,"146":3,"147":3,"148":3,"149":3,"150":3,"151":1,"152":1,"153":1,"154":3,"157":1,"158":1,"159":1,"160":1,"161":1,"162":1,"163":1,"164":1,"165":1,"168":1,"169":1,"170":1,"171":1,"172":1,"173":1,"174":1,"175":1,"178":2,"179":2,"180":2,"181":2,"182":2,"183":2,"184":2,"185":2,"186":2,"187":2,"194":1,"195":1,"196":1,"197":1,"198":1,"199":1,"200":1,"201":1,"204":5,"205":5,"206":5,"209":1,"210":1,"211":1,"212":1,"213":1,"216":3,"217":3,"218":3,"219":3,"220":3,"221":3,"222":3,"223":3,"224":3,"225":1,"226":1,"227":1,"228":3,"231":1,"232":1,"233":1,"234":1,"235":1,"236":1,"237":1,"238":1,"239":1,"242":1,"243":1,"244":1,"245":1,"246":1,"247":1,"248":1,"249":1,"252":1,"253":1,"254":1,"255":1,"256":1,"257":1,"258":1,"259":1,"260":1,"266":4,"267":4,"268":4,"269":4,"275":4,"276":4,"277":4,"278":4,"279":1,"280":4,"281":3,"282":3,"283":3,"284":3,"285":3,"287":4,"288":4,"289":4,"290":4,"291":4,"293":4,"294":4,"295":4,"296":4,"297":4,"298":1,"299":1,"300":1,"301":3,"302":3,"308":1,"309":1,"310":1,"312":1,"313":1,"314":1,"315":1,"316":1,"317":1,"319":1,"320":1,"321":1,"323":1,"324":1,"325":1,"326":1,"327":1,"328":1,"330":3,"331":3,"332":3,"333":3,"334":3,"335":3,"336":3,"337":3,"338":3,"339":1,"340":1,"341":1,"342":3},"branchMap":{"0":{"type":"branch","line":43,"loc":{"start":{"line":43,"column":7},"end":{"line":45,"column":1}},"locations":[{"start":{"line":43,"column":7},"end":{"line":45,"column":1}}]},"1":{"type":"branch","line":44,"loc":{"start":{"line":44,"column":44},"end":{"line":44,"column":52}},"locations":[{"start":{"line":44,"column":44},"end":{"line":44,"column":52}}]},"2":{"type":"branch","line":47,"loc":{"start":{"line":47,"column":7},"end":{"line":49,"column":1}},"locations":[{"start":{"line":47,"column":7},"end":{"line":49,"column":1}}]},"3":{"type":"branch","line":51,"loc":{"start":{"line":51,"column":7},"end":{"line":53,"column":1}},"locations":[{"start":{"line":51,"column":7},"end":{"line":53,"column":1}}]},"4":{"type":"branch","line":52,"loc":{"start":{"line":52,"column":41},"end":{"line":52,"column":49}},"locations":[{"start":{"line":52,"column":41},"end":{"line":52,"column":49}}]},"5":{"type":"branch","line":55,"loc":{"start":{"line":55,"column":7},"end":{"line":57,"column":1}},"locations":[{"start":{"line":55,"column":7},"end":{"line":57,"column":1}}]},"6":{"type":"branch","line":59,"loc":{"start":{"line":59,"column":7},"end":{"line":61,"column":1}},"locations":[{"start":{"line":59,"column":7},"end":{"line":61,"column":1}}]},"7":{"type":"branch","line":60,"loc":{"start":{"line":60,"column":45},"end":{"line":60,"column":53}},"locations":[{"start":{"line":60,"column":45},"end":{"line":60,"column":53}}]},"8":{"type":"branch","line":63,"loc":{"start":{"line":63,"column":7},"end":{"line":65,"column":1}},"locations":[{"start":{"line":63,"column":7},"end":{"line":65,"column":1}}]},"9":{"type":"branch","line":71,"loc":{"start":{"line":71,"column":0},"end":{"line":101,"column":1}},"locations":[{"start":{"line":71,"column":0},"end":{"line":101,"column":1}}]},"10":{"type":"branch","line":81,"loc":{"start":{"line":81,"column":14},"end":{"line":83,"column":3}},"locations":[{"start":{"line":81,"column":14},"end":{"line":83,"column":3}}]},"11":{"type":"branch","line":86,"loc":{"start":{"line":86,"column":14},"end":{"line":88,"column":3}},"locations":[{"start":{"line":86,"column":14},"end":{"line":88,"column":3}}]},"12":{"type":"branch","line":95,"loc":{"start":{"line":95,"column":20},"end":{"line":98,"column":3}},"locations":[{"start":{"line":95,"column":20},"end":{"line":98,"column":3}}]},"13":{"type":"branch","line":98,"loc":{"start":{"line":98,"column":2},"end":{"line":101,"column":1}},"locations":[{"start":{"line":98,"column":2},"end":{"line":101,"column":1}}]},"14":{"type":"branch","line":108,"loc":{"start":{"line":108,"column":0},"end":{"line":116,"column":1}},"locations":[{"start":{"line":108,"column":0},"end":{"line":116,"column":1}}]},"15":{"type":"branch","line":119,"loc":{"start":{"line":119,"column":0},"end":{"line":127,"column":1}},"locations":[{"start":{"line":119,"column":0},"end":{"line":127,"column":1}}]},"16":{"type":"branch","line":130,"loc":{"start":{"line":130,"column":0},"end":{"line":137,"column":1}},"locations":[{"start":{"line":130,"column":0},"end":{"line":137,"column":1}}]},"17":{"type":"branch","line":139,"loc":{"start":{"line":139,"column":0},"end":{"line":141,"column":1}},"locations":[{"start":{"line":139,"column":0},"end":{"line":141,"column":1}}]},"18":{"type":"branch","line":143,"loc":{"start":{"line":143,"column":0},"end":{"line":155,"column":1}},"locations":[{"start":{"line":143,"column":0},"end":{"line":155,"column":1}}]},"19":{"type":"branch","line":146,"loc":{"start":{"line":146,"column":14},"end":{"line":146,"column":44}},"locations":[{"start":{"line":146,"column":14},"end":{"line":146,"column":44}}]},"20":{"type":"branch","line":151,"loc":{"start":{"line":151,"column":20},"end":{"line":154,"column":3}},"locations":[{"start":{"line":151,"column":20},"end":{"line":154,"column":3}}]},"21":{"type":"branch","line":158,"loc":{"start":{"line":158,"column":0},"end":{"line":166,"column":1}},"locations":[{"start":{"line":158,"column":0},"end":{"line":166,"column":1}}]},"22":{"type":"branch","line":169,"loc":{"start":{"line":169,"column":0},"end":{"line":176,"column":1}},"locations":[{"start":{"line":169,"column":0},"end":{"line":176,"column":1}}]},"23":{"type":"branch","line":179,"loc":{"start":{"line":179,"column":0},"end":{"line":188,"column":1}},"locations":[{"start":{"line":179,"column":0},"end":{"line":188,"column":1}}]},"24":{"type":"branch","line":183,"loc":{"start":{"line":183,"column":17},"end":{"line":183,"column":59}},"locations":[{"start":{"line":183,"column":17},"end":{"line":183,"column":59}}]},"25":{"type":"branch","line":183,"loc":{"start":{"line":183,"column":54},"end":{"line":183,"column":62}},"locations":[{"start":{"line":183,"column":54},"end":{"line":183,"column":62}}]},"26":{"type":"branch","line":195,"loc":{"start":{"line":195,"column":0},"end":{"line":202,"column":1}},"locations":[{"start":{"line":195,"column":0},"end":{"line":202,"column":1}}]},"27":{"type":"branch","line":205,"loc":{"start":{"line":205,"column":0},"end":{"line":207,"column":1}},"locations":[{"start":{"line":205,"column":0},"end":{"line":207,"column":1}}]},"28":{"type":"branch","line":210,"loc":{"start":{"line":210,"column":0},"end":{"line":214,"column":1}},"locations":[{"start":{"line":210,"column":0},"end":{"line":214,"column":1}}]},"29":{"type":"branch","line":217,"loc":{"start":{"line":217,"column":0},"end":{"line":229,"column":1}},"locations":[{"start":{"line":217,"column":0},"end":{"line":229,"column":1}}]},"30":{"type":"branch","line":220,"loc":{"start":{"line":220,"column":14},"end":{"line":220,"column":44}},"locations":[{"start":{"line":220,"column":14},"end":{"line":220,"column":44}}]},"31":{"type":"branch","line":225,"loc":{"start":{"line":225,"column":20},"end":{"line":228,"column":3}},"locations":[{"start":{"line":225,"column":20},"end":{"line":228,"column":3}}]},"32":{"type":"branch","line":232,"loc":{"start":{"line":232,"column":0},"end":{"line":240,"column":1}},"locations":[{"start":{"line":232,"column":0},"end":{"line":240,"column":1}}]},"33":{"type":"branch","line":243,"loc":{"start":{"line":243,"column":0},"end":{"line":250,"column":1}},"locations":[{"start":{"line":243,"column":0},"end":{"line":250,"column":1}}]},"34":{"type":"branch","line":253,"loc":{"start":{"line":253,"column":0},"end":{"line":261,"column":1}},"locations":[{"start":{"line":253,"column":0},"end":{"line":261,"column":1}}]},"35":{"type":"branch","line":267,"loc":{"start":{"line":267,"column":0},"end":{"line":303,"column":1}},"locations":[{"start":{"line":267,"column":0},"end":{"line":303,"column":1}}]},"36":{"type":"branch","line":279,"loc":{"start":{"line":279,"column":21},"end":{"line":281,"column":9}},"locations":[{"start":{"line":279,"column":21},"end":{"line":281,"column":9}}]},"37":{"type":"branch","line":281,"loc":{"start":{"line":281,"column":2},"end":{"line":286,"column":3}},"locations":[{"start":{"line":281,"column":2},"end":{"line":286,"column":3}}]},"38":{"type":"branch","line":282,"loc":{"start":{"line":282,"column":24},"end":{"line":282,"column":69}},"locations":[{"start":{"line":282,"column":24},"end":{"line":282,"column":69}}]},"39":{"type":"branch","line":283,"loc":{"start":{"line":283,"column":24},"end":{"line":283,"column":69}},"locations":[{"start":{"line":283,"column":24},"end":{"line":283,"column":69}}]},"40":{"type":"branch","line":285,"loc":{"start":{"line":285,"column":6},"end":{"line":285,"column":63}},"locations":[{"start":{"line":285,"column":6},"end":{"line":285,"column":63}}]},"41":{"type":"branch","line":290,"loc":{"start":{"line":290,"column":14},"end":{"line":290,"column":51}},"locations":[{"start":{"line":290,"column":14},"end":{"line":290,"column":51}}]},"42":{"type":"branch","line":292,"loc":{"start":{"line":292,"column":14},"end":{"line":292,"column":44}},"locations":[{"start":{"line":292,"column":14},"end":{"line":292,"column":44}}]},"43":{"type":"branch","line":298,"loc":{"start":{"line":298,"column":20},"end":{"line":301,"column":3}},"locations":[{"start":{"line":298,"column":20},"end":{"line":301,"column":3}}]},"44":{"type":"branch","line":301,"loc":{"start":{"line":301,"column":2},"end":{"line":303,"column":1}},"locations":[{"start":{"line":301,"column":2},"end":{"line":303,"column":1}}]},"45":{"type":"branch","line":309,"loc":{"start":{"line":309,"column":0},"end":{"line":311,"column":1}},"locations":[{"start":{"line":309,"column":0},"end":{"line":311,"column":1}}]},"46":{"type":"branch","line":313,"loc":{"start":{"line":313,"column":0},"end":{"line":318,"column":1}},"locations":[{"start":{"line":313,"column":0},"end":{"line":318,"column":1}}]},"47":{"type":"branch","line":320,"loc":{"start":{"line":320,"column":0},"end":{"line":322,"column":1}},"locations":[{"start":{"line":320,"column":0},"end":{"line":322,"column":1}}]},"48":{"type":"branch","line":324,"loc":{"start":{"line":324,"column":0},"end":{"line":329,"column":1}},"locations":[{"start":{"line":324,"column":0},"end":{"line":329,"column":1}}]},"49":{"type":"branch","line":331,"loc":{"start":{"line":331,"column":0},"end":{"line":343,"column":1}},"locations":[{"start":{"line":331,"column":0},"end":{"line":343,"column":1}}]},"50":{"type":"branch","line":334,"loc":{"start":{"line":334,"column":14},"end":{"line":334,"column":44}},"locations":[{"start":{"line":334,"column":14},"end":{"line":334,"column":44}}]},"51":{"type":"branch","line":339,"loc":{"start":{"line":339,"column":20},"end":{"line":342,"column":3}},"locations":[{"start":{"line":339,"column":20},"end":{"line":342,"column":3}}]}},"b":{"0":[28],"1":[25],"2":[3],"3":[37],"4":[31],"5":[6],"6":[2],"7":[1],"8":[1],"9":[22],"10":[1],"11":[1],"12":[1],"13":[21],"14":[1],"15":[1],"16":[1],"17":[1],"18":[3],"19":[1],"20":[1],"21":[1],"22":[1],"23":[2],"24":[1],"25":[1],"26":[1],"27":[5],"28":[1],"29":[3],"30":[1],"31":[1],"32":[1],"33":[1],"34":[1],"35":[4],"36":[1],"37":[3],"38":[1],"39":[0],"40":[0],"41":[1],"42":[1],"43":[1],"44":[3],"45":[1],"46":[1],"47":[1],"48":[1],"49":[3],"50":[1],"51":[1]},"fnMap":{"0":{"name":"getOpenRouterKey","decl":{"start":{"line":43,"column":7},"end":{"line":45,"column":1}},"loc":{"start":{"line":43,"column":7},"end":{"line":45,"column":1}},"line":43},"1":{"name":"setOpenRouterKey","decl":{"start":{"line":47,"column":7},"end":{"line":49,"column":1}},"loc":{"start":{"line":47,"column":7},"end":{"line":49,"column":1}},"line":47},"2":{"name":"getUserId","decl":{"start":{"line":51,"column":7},"end":{"line":53,"column":1}},"loc":{"start":{"line":51,"column":7},"end":{"line":53,"column":1}},"line":51},"3":{"name":"setUserId","decl":{"start":{"line":55,"column":7},"end":{"line":57,"column":1}},"loc":{"start":{"line":55,"column":7},"end":{"line":57,"column":1}},"line":55},"4":{"name":"getInstanceId","decl":{"start":{"line":59,"column":7},"end":{"line":61,"column":1}},"loc":{"start":{"line":59,"column":7},"end":{"line":61,"column":1}},"line":59},"5":{"name":"setInstanceId","decl":{"start":{"line":63,"column":7},"end":{"line":65,"column":1}},"loc":{"start":{"line":63,"column":7},"end":{"line":65,"column":1}},"line":63},"6":{"name":"apiFetch","decl":{"start":{"line":71,"column":0},"end":{"line":101,"column":1}},"loc":{"start":{"line":71,"column":0},"end":{"line":101,"column":1}},"line":71},"7":{"name":"processTurn","decl":{"start":{"line":108,"column":0},"end":{"line":116,"column":1}},"loc":{"start":{"line":108,"column":0},"end":{"line":116,"column":1}},"line":108},"8":{"name":"injectState","decl":{"start":{"line":119,"column":0},"end":{"line":127,"column":1}},"loc":{"start":{"line":119,"column":0},"end":{"line":127,"column":1}},"line":119},"9":{"name":"createGameInstance","decl":{"start":{"line":130,"column":0},"end":{"line":137,"column":1}},"loc":{"start":{"line":130,"column":0},"end":{"line":137,"column":1}},"line":130},"10":{"name":"listInstances","decl":{"start":{"line":139,"column":0},"end":{"line":141,"column":1}},"loc":{"start":{"line":139,"column":0},"end":{"line":141,"column":1}},"line":139},"11":{"name":"deleteInstance","decl":{"start":{"line":143,"column":0},"end":{"line":155,"column":1}},"loc":{"start":{"line":143,"column":0},"end":{"line":155,"column":1}},"line":143},"12":{"name":"createSave","decl":{"start":{"line":158,"column":0},"end":{"line":166,"column":1}},"loc":{"start":{"line":158,"column":0},"end":{"line":166,"column":1}},"line":158},"13":{"name":"listSaves","decl":{"start":{"line":169,"column":0},"end":{"line":176,"column":1}},"loc":{"start":{"line":169,"column":0},"end":{"line":176,"column":1}},"line":169},"14":{"name":"getGameState","decl":{"start":{"line":179,"column":0},"end":{"line":188,"column":1}},"loc":{"start":{"line":179,"column":0},"end":{"line":188,"column":1}},"line":179},"15":{"name":"createCartridge","decl":{"start":{"line":195,"column":0},"end":{"line":202,"column":1}},"loc":{"start":{"line":195,"column":0},"end":{"line":202,"column":1}},"line":195},"16":{"name":"listCartridges","decl":{"start":{"line":205,"column":0},"end":{"line":207,"column":1}},"loc":{"start":{"line":205,"column":0},"end":{"line":207,"column":1}},"line":205},"17":{"name":"getCartridge","decl":{"start":{"line":210,"column":0},"end":{"line":214,"column":1}},"loc":{"start":{"line":210,"column":0},"end":{"line":214,"column":1}},"line":210},"18":{"name":"deleteCartridge","decl":{"start":{"line":217,"column":0},"end":{"line":229,"column":1}},"loc":{"start":{"line":217,"column":0},"end":{"line":229,"column":1}},"line":217},"19":{"name":"updateCartridge","decl":{"start":{"line":232,"column":0},"end":{"line":240,"column":1}},"loc":{"start":{"line":232,"column":0},"end":{"line":240,"column":1}},"line":232},"20":{"name":"listCartridgeVersions","decl":{"start":{"line":243,"column":0},"end":{"line":250,"column":1}},"loc":{"start":{"line":243,"column":0},"end":{"line":250,"column":1}},"line":243},"21":{"name":"getCartridgeVersion","decl":{"start":{"line":253,"column":0},"end":{"line":261,"column":1}},"loc":{"start":{"line":253,"column":0},"end":{"line":261,"column":1}},"line":253},"22":{"name":"uploadCartridgeVersion","decl":{"start":{"line":267,"column":0},"end":{"line":303,"column":1}},"loc":{"start":{"line":267,"column":0},"end":{"line":303,"column":1}},"line":267},"23":{"name":"listPersonas","decl":{"start":{"line":309,"column":0},"end":{"line":311,"column":1}},"loc":{"start":{"line":309,"column":0},"end":{"line":311,"column":1}},"line":309},"24":{"name":"createPersona","decl":{"start":{"line":313,"column":0},"end":{"line":318,"column":1}},"loc":{"start":{"line":313,"column":0},"end":{"line":318,"column":1}},"line":313},"25":{"name":"getPersona","decl":{"start":{"line":320,"column":0},"end":{"line":322,"column":1}},"loc":{"start":{"line":320,"column":0},"end":{"line":322,"column":1}},"line":320},"26":{"name":"updatePersona","decl":{"start":{"line":324,"column":0},"end":{"line":329,"column":1}},"loc":{"start":{"line":324,"column":0},"end":{"line":329,"column":1}},"line":324},"27":{"name":"deletePersona","decl":{"start":{"line":331,"column":0},"end":{"line":343,"column":1}},"loc":{"start":{"line":331,"column":0},"end":{"line":343,"column":1}},"line":331}},"f":{"0":28,"1":3,"2":37,"3":6,"4":2,"5":1,"6":22,"7":1,"8":1,"9":1,"10":1,"11":3,"12":1,"13":1,"14":2,"15":1,"16":5,"17":1,"18":3,"19":1,"20":1,"21":1,"22":4,"23":1,"24":1,"25":1,"26":1,"27":3}}
}
